0 info it worked if it ends with ok
1 verbose cli [ 'node',
1 verbose cli   '/usr/local/bin/npm',
1 verbose cli   'install',
1 verbose cli   'grunt-este-watch',
1 verbose cli   '--save-dev' ]
2 info using npm@1.3.24
3 info using node@v0.10.25
4 error Error: Invalid version: "1.01"
4 error     at Object.module.exports.fixVersionField (/usr/local/lib/node_modules/npm/node_modules/read-package-json/node_modules/normalize-package-data/lib/fixer.js:180:13)
4 error     at /usr/local/lib/node_modules/npm/node_modules/read-package-json/node_modules/normalize-package-data/lib/normalize.js:29:38
4 error     at Array.forEach (native)
4 error     at normalize (/usr/local/lib/node_modules/npm/node_modules/read-package-json/node_modules/normalize-package-data/lib/normalize.js:28:15)
4 error     at final (/usr/local/lib/node_modules/npm/node_modules/read-package-json/read-json.js:328:33)
4 error     at then (/usr/local/lib/node_modules/npm/node_modules/read-package-json/read-json.js:126:33)
4 error     at /usr/local/lib/node_modules/npm/node_modules/read-package-json/read-json.js:317:40
4 error     at fs.js:266:14
4 error     at /usr/local/lib/node_modules/npm/node_modules/graceful-fs/graceful-fs.js:103:5
4 error     at Object.oncomplete (fs.js:107:15)
5 error If you need help, you may report this *entire* log,
5 error including the npm and node versions, at:
5 error     <http://github.com/isaacs/npm/issues>
6 error System Darwin 13.4.0
7 error command "node" "/usr/local/bin/npm" "install" "grunt-este-watch" "--save-dev"
8 error cwd /Users/u_lee/Dropbox/monsterPlatform/www.eco-kaishu.jp/wp-content/themes/ecokaishu
9 error node -v v0.10.25
10 error npm -v 1.3.24
11 verbose exit [ 1, true ]
